MY_MMult = [
40 1.620253e+00 0.000000e+00 
80 1.471264e+00 0.000000e+00 
120 1.387952e+00 0.000000e+00 
160 1.353378e+00 0.000000e+00 
200 1.356622e+00 0.000000e+00 
240 1.335072e+00 0.000000e+00 
280 1.321454e+00 0.000000e+00 
320 1.308992e+00 0.000000e+00 
360 1.297225e+00 0.000000e+00 
400 1.277445e+00 0.000000e+00 
440 1.300440e+00 0.000000e+00 
480 1.294640e+00 0.000000e+00 
520 1.286853e+00 0.000000e+00 
560 1.280948e+00 0.000000e+00 
600 1.242615e+00 0.000000e+00 
640 1.212869e+00 0.000000e+00 
680 1.135933e+00 0.000000e+00 
720 1.117716e+00 0.000000e+00 
760 1.137428e+00 0.000000e+00 
];

 Performance counter stats for './test_MMult.x':

      11769.235683      task-clock (msec)         #    1.000 CPUs utilized          
                15      context-switches          #    0.001 K/sec                  
                 0      cpu-migrations            #    0.000 K/sec                  
            37,877      page-faults               #    0.003 M/sec                  
    36,401,707,198      cycles                    #    3.093 GHz                    
   <not supported>      stalled-cycles-frontend  
   <not supported>      stalled-cycles-backend   
    49,660,907,242      instructions              #    1.36  insns per cycle        
     7,100,017,139      branches                  #  603.269 M/sec                  
        12,046,047      branch-misses             #    0.17% of all branches        

      11.769003062 seconds time elapsed

